<?xml version="1.0" encoding="UTF-8"?>
<!-- Generated by org.testng.reporters.JUnitReportReporter -->
<testsuite hostname="DESKTOP-MNPR1TA" failures="0" tests="1" name="Testlogin.Test1" time="20.128" errors="0" timestamp="2024-11-30T20:51:07 IST" skipped="0">
  <testcase classname="Testlogin.Test1" name="tes12" time="20.128"/>
</testsuite> <!-- Testlogin.Test1 -->
