<?xml version="1.0" encoding="UTF-8"?>
<!-- Generated by org.testng.reporters.JUnitReportReporter -->
<testsuite hostname="DESKTOP-MNPR1TA" failures="0" tests="1" name="Mytest.Testlogin.Testshashi" time="5.725" errors="0" timestamp="2024-11-30T22:58:25 IST" skipped="0">
  <testcase classname="Mytest.Testlogin.Testshashi" name="LoginTest" time="5.725"/>
</testsuite> <!-- Mytest.Testlogin.Testshashi -->
